<?xml version="1.0" encoding="UTF-8"?>
<testsuite xmlns:xsi="http://www.w3.org/2001/XMLSchema-instance" xsi:noNamespaceSchemaLocation="https://maven.apache.org/surefire/maven-surefire-plugin/xsd/surefire-test-report.xsd" name="org.sat4j.tools.TestGateTranslator" time="0.022" tests="9" errors="0" skipped="0" failures="0">
  <properties>
[...]
</properties>
  <testcase name="testSATIfThen" classname="org.sat4j.tools.TestGateTranslator" time="0.005"/>
  <testcase name="testSATIfThen1" classname="org.sat4j.tools.TestGateTranslator" time="0.001"/>
  <testcase name="testSATIfThen2" classname="org.sat4j.tools.TestGateTranslator" time="0"/>
  <testcase name="testSATIfThen3" classname="org.sat4j.tools.TestGateTranslator" time="0.001"/>
  <testcase name="testSATIfThen5" classname="org.sat4j.tools.TestGateTranslator" time="0.001"/>
  <testcase name="testSATIfThen6" classname="org.sat4j.tools.TestGateTranslator" time="0.001"/>
  <testcase name="testSATIfThen7" classname="org.sat4j.tools.TestGateTranslator" time="0.001"/>
  <testcase name="testSATIfThen8" classname="org.sat4j.tools.TestGateTranslator" time="0"/>
  <testcase name="testTwoValues" classname="org.sat4j.tools.TestGateTranslator" time="0.001"/>
</testsuite>